0 info it worked if it ends with ok
1 verbose cli [ '/home/matt/.nvm/versions/node/v7.3.0/bin/node',
1 verbose cli   '/home/matt/.nvm/versions/node/v7.3.0/bin/npm',
1 verbose cli   'install' ]
2 info using npm@3.10.10
3 info using node@v7.3.0
4 silly loadCurrentTree Starting
5 silly install loadCurrentTree
6 silly install readLocalPackageData
7 silly install normalizeTree
8 silly loadCurrentTree Finishing
9 silly loadIdealTree Starting
10 silly install loadIdealTree
11 silly cloneCurrentTree Starting
12 silly install cloneCurrentTreeToIdealTree
13 silly cloneCurrentTree Finishing
14 silly loadShrinkwrap Starting
15 silly install loadShrinkwrap
16 silly loadShrinkwrap Finishing
17 silly loadAllDepsIntoIdealTree Starting
18 silly install loadAllDepsIntoIdealTree
19 silly fetchNamedPackageData jsdom
20 silly mapToRegistry name jsdom
21 silly mapToRegistry using default registry
22 silly mapToRegistry registry https://registry.npmjs.org/
23 silly mapToRegistry data Result {
23 silly mapToRegistry   raw: 'jsdom',
23 silly mapToRegistry   scope: null,
23 silly mapToRegistry   escapedName: 'jsdom',
23 silly mapToRegistry   name: 'jsdom',
23 silly mapToRegistry   rawSpec: '',
23 silly mapToRegistry   spec: 'latest',
23 silly mapToRegistry   type: 'tag' }
24 silly mapToRegistry uri https://registry.npmjs.org/jsdom
25 verbose request uri https://registry.npmjs.org/jsdom
26 verbose request no auth needed
27 info attempt registry request try #1 at 7:21:00 PM
28 verbose request id 0ae4b24a592f9f46
29 verbose etag W/"598d8def-982a8"
30 verbose lastModified Fri, 11 Aug 2017 10:58:55 GMT
31 http request GET https://registry.npmjs.org/jsdom
32 http 304 https://registry.npmjs.org/jsdom
33 verbose headers { date: 'Sun, 13 Aug 2017 09:21:02 GMT',
33 verbose headers   via: '1.1 varnish',
33 verbose headers   'cache-control': 'max-age=300',
33 verbose headers   etag: 'W/"598d8def-982a8"',
33 verbose headers   age: '210',
33 verbose headers   connection: 'keep-alive',
33 verbose headers   'x-served-by': 'cache-bur17535-BUR',
33 verbose headers   'x-cache': 'HIT',
33 verbose headers   'x-cache-hits': '1',
33 verbose headers   'x-timer': 'S1502616062.080017,VS0,VE0',
33 verbose headers   vary: 'Accept-Encoding, Accept' }
34 silly get cb [ 304,
34 silly get   { date: 'Sun, 13 Aug 2017 09:21:02 GMT',
34 silly get     via: '1.1 varnish',
34 silly get     'cache-control': 'max-age=300',
34 silly get     etag: 'W/"598d8def-982a8"',
34 silly get     age: '210',
34 silly get     connection: 'keep-alive',
34 silly get     'x-served-by': 'cache-bur17535-BUR',
34 silly get     'x-cache': 'HIT',
34 silly get     'x-cache-hits': '1',
34 silly get     'x-timer': 'S1502616062.080017,VS0,VE0',
34 silly get     vary: 'Accept-Encoding, Accept' } ]
35 verbose etag https://registry.npmjs.org/jsdom from cache
36 verbose get saving jsdom to /home/matt/.npm/registry.npmjs.org/jsdom/.cache.json
37 verbose correctMkdir /home/matt/.npm correctMkdir not in flight; initializing
38 silly resolveWithNewModule jsdom@3.1.2 checking installable status
39 silly cache add args [ 'jsdom@^3.1.2', null ]
40 verbose cache add spec jsdom@^3.1.2
41 silly cache add parsed spec Result {
41 silly cache add   raw: 'jsdom@^3.1.2',
41 silly cache add   scope: null,
41 silly cache add   escapedName: 'jsdom',
41 silly cache add   name: 'jsdom',
41 silly cache add   rawSpec: '^3.1.2',
41 silly cache add   spec: '>=3.1.2 <4.0.0',
41 silly cache add   type: 'range' }
42 silly addNamed jsdom@>=3.1.2 <4.0.0
43 verbose addNamed ">=3.1.2 <4.0.0" is a valid semver range for jsdom
44 silly addNameRange { name: 'jsdom', range: '>=3.1.2 <4.0.0', hasData: false }
45 silly mapToRegistry name jsdom
46 silly mapToRegistry using default registry
47 silly mapToRegistry registry https://registry.npmjs.org/
48 silly mapToRegistry data Result {
48 silly mapToRegistry   raw: 'jsdom',
48 silly mapToRegistry   scope: null,
48 silly mapToRegistry   escapedName: 'jsdom',
48 silly mapToRegistry   name: 'jsdom',
48 silly mapToRegistry   rawSpec: '',
48 silly mapToRegistry   spec: 'latest',
48 silly mapToRegistry   type: 'tag' }
49 silly mapToRegistry uri https://registry.npmjs.org/jsdom
50 verbose addNameRange registry:https://registry.npmjs.org/jsdom not in flight; fetching
51 verbose get https://registry.npmjs.org/jsdom not expired, no request
52 silly addNameRange number 2 { name: 'jsdom', range: '>=3.1.2 <4.0.0', hasData: true }
53 silly addNameRange versions [ 'jsdom',
53 silly addNameRange   [ '0.0.1',
53 silly addNameRange     '0.1.2',
53 silly addNameRange     '0.1.4',
53 silly addNameRange     '0.1.5',
53 silly addNameRange     '0.1.6',
53 silly addNameRange     '0.1.7',
53 silly addNameRange     '0.1.8',
53 silly addNameRange     '0.1.9',
53 silly addNameRange     '0.1.10',
53 silly addNameRange     '0.1.11',
53 silly addNameRange     '0.1.12',
53 silly addNameRange     '0.1.13',
53 silly addNameRange     '0.1.15',
53 silly addNameRange     '0.1.16',
53 silly addNameRange     '0.1.17',
53 silly addNameRange     '0.1.18',
53 silly addNameRange     '0.1.19',
53 silly addNameRange     '0.1.20',
53 silly addNameRange     '0.1.21',
53 silly addNameRange     '0.1.22',
53 silly addNameRange     '0.1.23',
53 silly addNameRange     '0.2.0',
53 silly addNameRange     '0.2.1',
53 silly addNameRange     '0.2.2',
53 silly addNameRange     '0.2.3',
53 silly addNameRange     '0.2.4',
53 silly addNameRange     '0.2.5',
53 silly addNameRange     '0.2.6',
53 silly addNameRange     '0.2.7',
53 silly addNameRange     '0.2.8',
53 silly addNameRange     '0.2.9',
53 silly addNameRange     '0.2.10',
53 silly addNameRange     '0.2.11',
53 silly addNameRange     '0.2.12',
53 silly addNameRange     '0.2.13',
53 silly addNameRange     '0.2.14',
53 silly addNameRange     '0.2.15',
53 silly addNameRange     '0.2.16',
53 silly addNameRange     '0.2.17',
53 silly addNameRange     '0.2.18',
53 silly addNameRange     '0.2.19',
53 silly addNameRange     '0.3.0',
53 silly addNameRange     '0.3.1',
53 silly addNameRange     '0.3.2',
53 silly addNameRange     '0.3.3',
53 silly addNameRange     '0.3.4',
53 silly addNameRange     '0.4.0',
53 silly addNameRange     '0.4.1',
53 silly addNameRange     '0.4.2',
53 silly addNameRange     '0.5.0',
53 silly addNameRange     '0.5.1',
53 silly addNameRange     '0.5.2',
53 silly addNameRange     '0.5.3',
53 silly addNameRange     '0.5.4',
53 silly addNameRange     '0.5.5',
53 silly addNameRange     '0.5.6',
53 silly addNameRange     '0.5.7',
53 silly addNameRange     '0.6.0',
53 silly addNameRange     '0.6.1',
53 silly addNameRange     '0.6.2',
53 silly addNameRange     '0.6.3',
53 silly addNameRange     '0.6.4',
53 silly addNameRange     '0.6.5',
53 silly addNameRange     '0.7.0',
53 silly addNameRange     '0.8.0',
53 silly addNameRange     '0.8.1',
53 silly addNameRange     '0.8.2',
53 silly addNameRange     '0.8.3',
53 silly addNameRange     '0.8.4',
53 silly addNameRange     '0.8.5',
53 silly addNameRange     '0.8.6',
53 silly addNameRange     '0.8.7',
53 silly addNameRange     '0.8.8',
53 silly addNameRange     '0.8.9',
53 silly addNameRange     '0.8.10',
53 silly addNameRange     '0.8.11',
53 silly addNameRange     '0.9.0',
53 silly addNameRange     '0.10.0',
53 silly addNameRange     '0.10.1',
53 silly addNameRange     '0.10.2',
53 silly addNameRange     '0.10.3',
53 silly addNameRange     '0.10.4',
53 silly addNameRange     '0.10.5',
53 silly addNameRange     '0.10.6',
53 silly addNameRange     '0.11.0',
53 silly addNameRange     '0.11.1',
53 silly addNameRange     '1.0.0-pre.1',
53 silly addNameRange     '1.0.0-pre.3',
53 silly addNameRange     '1.0.0-pre.4',
53 silly addNameRange     '1.0.0-pre.5',
53 silly addNameRange     '1.0.0-pre.6',
53 silly addNameRange     '1.0.0-pre.7',
53 silly addNameRange     '1.0.0',
53 silly addNameRange     '1.0.1',
53 silly addNameRange     '1.0.2',
53 silly addNameRange     '1.0.3',
53 silly addNameRange     '1.1.0',
53 silly addNameRange     '1.2.0',
53 silly addNameRange     '1.2.1',
53 silly addNameRange     '1.2.2',
53 silly addNameRange     ... 97 more items ] ]
54 silly addNamed jsdom@3.1.2
55 verbose addNamed "3.1.2" is a plain semver version for jsdom
56 silly cache afterAdd jsdom@3.1.2
57 verbose afterAdd /home/matt/.npm/jsdom/3.1.2/package/package.json not in flight; writing
58 verbose correctMkdir /home/matt/.npm correctMkdir not in flight; initializing
59 verbose afterAdd /home/matt/.npm/jsdom/3.1.2/package/package.json written
60 silly fetchNamedPackageData contextify
61 silly mapToRegistry name contextify
62 silly mapToRegistry using default registry
63 silly mapToRegistry registry https://registry.npmjs.org/
64 silly mapToRegistry data Result {
64 silly mapToRegistry   raw: 'contextify',
64 silly mapToRegistry   scope: null,
64 silly mapToRegistry   escapedName: 'contextify',
64 silly mapToRegistry   name: 'contextify',
64 silly mapToRegistry   rawSpec: '',
64 silly mapToRegistry   spec: 'latest',
64 silly mapToRegistry   type: 'tag' }
65 silly mapToRegistry uri https://registry.npmjs.org/contextify
66 verbose request uri https://registry.npmjs.org/contextify
67 verbose request no auth needed
68 info attempt registry request try #1 at 7:21:02 PM
69 verbose etag W/"5644b79b-942b"
70 verbose lastModified Thu, 12 Nov 2015 16:00:27 GMT
71 http request GET https://registry.npmjs.org/contextify
72 http 304 https://registry.npmjs.org/contextify
73 verbose headers { date: 'Sun, 13 Aug 2017 09:21:02 GMT',
73 verbose headers   via: '1.1 varnish',
73 verbose headers   'cache-control': 'max-age=300',
73 verbose headers   etag: 'W/"5644b79b-942b"',
73 verbose headers   age: '207',
73 verbose headers   connection: 'keep-alive',
73 verbose headers   'x-served-by': 'cache-bur17535-BUR',
73 verbose headers   'x-cache': 'HIT',
73 verbose headers   'x-cache-hits': '1',
73 verbose headers   'x-timer': 'S1502616062.489017,VS0,VE0',
73 verbose headers   vary: 'Accept-Encoding, Accept' }
74 silly get cb [ 304,
74 silly get   { date: 'Sun, 13 Aug 2017 09:21:02 GMT',
74 silly get     via: '1.1 varnish',
74 silly get     'cache-control': 'max-age=300',
74 silly get     etag: 'W/"5644b79b-942b"',
74 silly get     age: '207',
74 silly get     connection: 'keep-alive',
74 silly get     'x-served-by': 'cache-bur17535-BUR',
74 silly get     'x-cache': 'HIT',
74 silly get     'x-cache-hits': '1',
74 silly get     'x-timer': 'S1502616062.489017,VS0,VE0',
74 silly get     vary: 'Accept-Encoding, Accept' } ]
75 verbose etag https://registry.npmjs.org/contextify from cache
76 verbose get saving contextify to /home/matt/.npm/registry.npmjs.org/contextify/.cache.json
77 verbose correctMkdir /home/matt/.npm correctMkdir not in flight; initializing
78 silly resolveWithNewModule contextify@0.1.15 checking installable status
79 silly cache add args [ 'contextify@>= 0.1.9 < 0.2.0', null ]
80 verbose cache add spec contextify@>= 0.1.9 < 0.2.0
81 silly cache add parsed spec Result {
81 silly cache add   raw: 'contextify@>= 0.1.9 < 0.2.0',
81 silly cache add   scope: null,
81 silly cache add   escapedName: 'contextify',
81 silly cache add   name: 'contextify',
81 silly cache add   rawSpec: '>= 0.1.9 < 0.2.0',
81 silly cache add   spec: '>=0.1.9 <0.2.0',
81 silly cache add   type: 'range' }
82 silly addNamed contextify@>=0.1.9 <0.2.0
83 verbose addNamed ">=0.1.9 <0.2.0" is a valid semver range for contextify
84 silly addNameRange { name: 'contextify', range: '>=0.1.9 <0.2.0', hasData: false }
85 silly mapToRegistry name contextify
86 silly mapToRegistry using default registry
87 silly mapToRegistry registry https://registry.npmjs.org/
88 silly mapToRegistry data Result {
88 silly mapToRegistry   raw: 'contextify',
88 silly mapToRegistry   scope: null,
88 silly mapToRegistry   escapedName: 'contextify',
88 silly mapToRegistry   name: 'contextify',
88 silly mapToRegistry   rawSpec: '',
88 silly mapToRegistry   spec: 'latest',
88 silly mapToRegistry   type: 'tag' }
89 silly mapToRegistry uri https://registry.npmjs.org/contextify
90 verbose addNameRange registry:https://registry.npmjs.org/contextify not in flight; fetching
91 verbose get https://registry.npmjs.org/contextify not expired, no request
92 silly addNameRange number 2 { name: 'contextify', range: '>=0.1.9 <0.2.0', hasData: true }
93 silly addNameRange versions [ 'contextify',
93 silly addNameRange   [ '0.0.2',
93 silly addNameRange     '0.0.3',
93 silly addNameRange     '0.0.4',
93 silly addNameRange     '0.0.5',
93 silly addNameRange     '0.0.6',
93 silly addNameRange     '0.0.7',
93 silly addNameRange     '0.1.0',
93 silly addNameRange     '0.1.1',
93 silly addNameRange     '0.1.2',
93 silly addNameRange     '0.1.3',
93 silly addNameRange     '0.1.4',
93 silly addNameRange     '0.1.5',
93 silly addNameRange     '0.1.6',
93 silly addNameRange     '0.1.7',
93 silly addNameRange     '0.1.8',
93 silly addNameRange     '0.1.9',
93 silly addNameRange     '0.1.10',
93 silly addNameRange     '0.1.11',
93 silly addNameRange     '0.1.12',
93 silly addNameRange     '0.1.13',
93 silly addNameRange     '0.1.14',
93 silly addNameRange     '0.1.15' ] ]
94 silly addNamed contextify@0.1.15
95 verbose addNamed "0.1.15" is a plain semver version for contextify
96 silly cache afterAdd contextify@0.1.15
97 verbose afterAdd /home/matt/.npm/contextify/0.1.15/package/package.json not in flight; writing
98 verbose correctMkdir /home/matt/.npm correctMkdir not in flight; initializing
99 verbose afterAdd /home/matt/.npm/contextify/0.1.15/package/package.json written
100 silly fetchNamedPackageData bindings
101 silly mapToRegistry name bindings
102 silly mapToRegistry using default registry
103 silly mapToRegistry registry https://registry.npmjs.org/
104 silly mapToRegistry data Result {
104 silly mapToRegistry   raw: 'bindings',
104 silly mapToRegistry   scope: null,
104 silly mapToRegistry   escapedName: 'bindings',
104 silly mapToRegistry   name: 'bindings',
104 silly mapToRegistry   rawSpec: '',
104 silly mapToRegistry   spec: 'latest',
104 silly mapToRegistry   type: 'tag' }
105 silly mapToRegistry uri https://registry.npmjs.org/bindings
106 silly fetchNamedPackageData nan
107 silly mapToRegistry name nan
108 silly mapToRegistry using default registry
109 silly mapToRegistry registry https://registry.npmjs.org/
110 silly mapToRegistry data Result {
110 silly mapToRegistry   raw: 'nan',
110 silly mapToRegistry   scope: null,
110 silly mapToRegistry   escapedName: 'nan',
110 silly mapToRegistry   name: 'nan',
110 silly mapToRegistry   rawSpec: '',
110 silly mapToRegistry   spec: 'latest',
110 silly mapToRegistry   type: 'tag' }
111 silly mapToRegistry uri https://registry.npmjs.org/nan
112 verbose request uri https://registry.npmjs.org/nan
113 verbose request no auth needed
114 info attempt registry request try #1 at 7:21:02 PM
115 verbose etag W/"597a1ce5-1fa1a"
116 verbose lastModified Thu, 27 Jul 2017 17:03:33 GMT
117 http request GET https://registry.npmjs.org/nan
118 verbose request uri https://registry.npmjs.org/bindings
119 verbose request no auth needed
120 info attempt registry request try #1 at 7:21:02 PM
121 verbose etag W/"59764778-4c05"
122 verbose lastModified Mon, 24 Jul 2017 19:16:08 GMT
123 http request GET https://registry.npmjs.org/bindings
124 http 304 https://registry.npmjs.org/nan
125 verbose headers { date: 'Sun, 13 Aug 2017 09:21:02 GMT',
125 verbose headers   via: '1.1 varnish',
125 verbose headers   'cache-control': 'max-age=300',
125 verbose headers   etag: 'W/"597a1ce5-1fa1a"',
125 verbose headers   age: '291',
125 verbose headers   connection: 'keep-alive',
125 verbose headers   'x-served-by': 'cache-bur17535-BUR',
125 verbose headers   'x-cache': 'HIT',
125 verbose headers   'x-cache-hits': '1',
125 verbose headers   'x-timer': 'S1502616063.739980,VS0,VE0',
125 verbose headers   vary: 'Accept-Encoding, Accept' }
126 silly get cb [ 304,
126 silly get   { date: 'Sun, 13 Aug 2017 09:21:02 GMT',
126 silly get     via: '1.1 varnish',
126 silly get     'cache-control': 'max-age=300',
126 silly get     etag: 'W/"597a1ce5-1fa1a"',
126 silly get     age: '291',
126 silly get     connection: 'keep-alive',
126 silly get     'x-served-by': 'cache-bur17535-BUR',
126 silly get     'x-cache': 'HIT',
126 silly get     'x-cache-hits': '1',
126 silly get     'x-timer': 'S1502616063.739980,VS0,VE0',
126 silly get     vary: 'Accept-Encoding, Accept' } ]
127 verbose etag https://registry.npmjs.org/nan from cache
128 verbose get saving nan to /home/matt/.npm/registry.npmjs.org/nan/.cache.json
129 verbose correctMkdir /home/matt/.npm correctMkdir not in flight; initializing
130 silly resolveWithNewModule nan@2.6.2 checking installable status
131 silly cache add args [ 'nan@^2.1.0', null ]
132 verbose cache add spec nan@^2.1.0
133 silly cache add parsed spec Result {
133 silly cache add   raw: 'nan@^2.1.0',
133 silly cache add   scope: null,
133 silly cache add   escapedName: 'nan',
133 silly cache add   name: 'nan',
133 silly cache add   rawSpec: '^2.1.0',
133 silly cache add   spec: '>=2.1.0 <3.0.0',
133 silly cache add   type: 'range' }
134 silly addNamed nan@>=2.1.0 <3.0.0
135 verbose addNamed ">=2.1.0 <3.0.0" is a valid semver range for nan
136 silly addNameRange { name: 'nan', range: '>=2.1.0 <3.0.0', hasData: false }
137 silly mapToRegistry name nan
138 silly mapToRegistry using default registry
139 silly mapToRegistry registry https://registry.npmjs.org/
140 silly mapToRegistry data Result {
140 silly mapToRegistry   raw: 'nan',
140 silly mapToRegistry   scope: null,
140 silly mapToRegistry   escapedName: 'nan',
140 silly mapToRegistry   name: 'nan',
140 silly mapToRegistry   rawSpec: '',
140 silly mapToRegistry   spec: 'latest',
140 silly mapToRegistry   type: 'tag' }
141 silly mapToRegistry uri https://registry.npmjs.org/nan
142 verbose addNameRange registry:https://registry.npmjs.org/nan not in flight; fetching
143 verbose get https://registry.npmjs.org/nan not expired, no request
144 silly addNameRange number 2 { name: 'nan', range: '>=2.1.0 <3.0.0', hasData: true }
145 silly addNameRange versions [ 'nan',
145 silly addNameRange   [ '0.3.0-wip',
145 silly addNameRange     '0.3.0-wip2',
145 silly addNameRange     '0.3.0',
145 silly addNameRange     '0.3.1',
145 silly addNameRange     '0.3.2',
145 silly addNameRange     '0.4.0',
145 silly addNameRange     '0.4.1',
145 silly addNameRange     '0.4.2',
145 silly addNameRange     '0.4.3',
145 silly addNameRange     '0.4.4',
145 silly addNameRange     '0.5.0',
145 silly addNameRange     '0.5.1',
145 silly addNameRange     '0.5.2',
145 silly addNameRange     '0.6.0',
145 silly addNameRange     '0.7.0',
145 silly addNameRange     '0.7.1',
145 silly addNameRange     '0.8.0',
145 silly addNameRange     '1.0.0',
145 silly addNameRange     '1.1.0',
145 silly addNameRange     '1.1.1',
145 silly addNameRange     '1.1.2',
145 silly addNameRange     '1.2.0',
145 silly addNameRange     '1.3.0',
145 silly addNameRange     '1.4.0',
145 silly addNameRange     '1.4.1',
145 silly addNameRange     '1.5.0',
145 silly addNameRange     '1.4.2',
145 silly addNameRange     '1.4.3',
145 silly addNameRange     '1.5.1',
145 silly addNameRange     '1.5.2',
145 silly addNameRange     '1.6.0',
145 silly addNameRange     '1.5.3',
145 silly addNameRange     '1.6.1',
145 silly addNameRange     '1.6.2',
145 silly addNameRange     '1.7.0',
145 silly addNameRange     '1.8.0',
145 silly addNameRange     '1.8.1',
145 silly addNameRange     '1.8.2',
145 silly addNameRange     '1.8.3',
145 silly addNameRange     '1.8.4',
145 silly addNameRange     '1.9.0',
145 silly addNameRange     '2.0.0',
145 silly addNameRange     '2.0.1',
145 silly addNameRange     '2.0.2',
145 silly addNameRange     '2.0.3',
145 silly addNameRange     '2.0.4',
145 silly addNameRange     '2.0.5',
145 silly addNameRange     '2.0.6',
145 silly addNameRange     '2.0.7',
145 silly addNameRange     '2.0.8',
145 silly addNameRange     '2.0.9',
145 silly addNameRange     '2.1.0',
145 silly addNameRange     '2.2.0',
145 silly addNameRange     '2.2.1',
145 silly addNameRange     '2.3.0',
145 silly addNameRange     '2.3.1',
145 silly addNameRange     '2.3.2',
145 silly addNameRange     '2.3.3',
145 silly addNameRange     '2.3.4',
145 silly addNameRange     '2.3.5',
145 silly addNameRange     '2.4.0',
145 silly addNameRange     '2.5.0',
145 silly addNameRange     '2.5.1',
145 silly addNameRange     '2.6.0',
145 silly addNameRange     '2.6.1',
145 silly addNameRange     '2.6.2' ] ]
146 silly addNamed nan@2.6.2
147 verbose addNamed "2.6.2" is a plain semver version for nan
148 silly cache afterAdd nan@2.6.2
149 verbose afterAdd /home/matt/.npm/nan/2.6.2/package/package.json not in flight; writing
150 verbose correctMkdir /home/matt/.npm correctMkdir not in flight; initializing
151 verbose afterAdd /home/matt/.npm/nan/2.6.2/package/package.json written
152 http 304 https://registry.npmjs.org/bindings
153 verbose headers { date: 'Sun, 13 Aug 2017 09:21:03 GMT',
153 verbose headers   via: '1.1 varnish',
153 verbose headers   'cache-control': 'max-age=300',
153 verbose headers   etag: 'W/"59764778-4c05"',
153 verbose headers   age: '0',
153 verbose headers   connection: 'keep-alive',
153 verbose headers   'x-served-by': 'cache-lax8649-LAX',
153 verbose headers   'x-cache': 'HIT',
153 verbose headers   'x-cache-hits': '1',
153 verbose headers   'x-timer': 'S1502616063.376138,VS0,VE30',
153 verbose headers   vary: 'Accept-Encoding, Accept' }
154 silly get cb [ 304,
154 silly get   { date: 'Sun, 13 Aug 2017 09:21:03 GMT',
154 silly get     via: '1.1 varnish',
154 silly get     'cache-control': 'max-age=300',
154 silly get     etag: 'W/"59764778-4c05"',
154 silly get     age: '0',
154 silly get     connection: 'keep-alive',
154 silly get     'x-served-by': 'cache-lax8649-LAX',
154 silly get     'x-cache': 'HIT',
154 silly get     'x-cache-hits': '1',
154 silly get     'x-timer': 'S1502616063.376138,VS0,VE30',
154 silly get     vary: 'Accept-Encoding, Accept' } ]
155 verbose etag https://registry.npmjs.org/bindings from cache
156 verbose get saving bindings to /home/matt/.npm/registry.npmjs.org/bindings/.cache.json
157 verbose correctMkdir /home/matt/.npm correctMkdir not in flight; initializing
158 silly resolveWithNewModule bindings@1.3.0 checking installable status
159 silly cache add args [ 'bindings@^1.2.1', null ]
160 verbose cache add spec bindings@^1.2.1
161 silly cache add parsed spec Result {
161 silly cache add   raw: 'bindings@^1.2.1',
161 silly cache add   scope: null,
161 silly cache add   escapedName: 'bindings',
161 silly cache add   name: 'bindings',
161 silly cache add   rawSpec: '^1.2.1',
161 silly cache add   spec: '>=1.2.1 <2.0.0',
161 silly cache add   type: 'range' }
162 silly addNamed bindings@>=1.2.1 <2.0.0
163 verbose addNamed ">=1.2.1 <2.0.0" is a valid semver range for bindings
164 silly addNameRange { name: 'bindings', range: '>=1.2.1 <2.0.0', hasData: false }
165 silly mapToRegistry name bindings
166 silly mapToRegistry using default registry
167 silly mapToRegistry registry https://registry.npmjs.org/
168 silly mapToRegistry data Result {
168 silly mapToRegistry   raw: 'bindings',
168 silly mapToRegistry   scope: null,
168 silly mapToRegistry   escapedName: 'bindings',
168 silly mapToRegistry   name: 'bindings',
168 silly mapToRegistry   rawSpec: '',
168 silly mapToRegistry   spec: 'latest',
168 silly mapToRegistry   type: 'tag' }
169 silly mapToRegistry uri https://registry.npmjs.org/bindings
170 verbose addNameRange registry:https://registry.npmjs.org/bindings not in flight; fetching
171 verbose get https://registry.npmjs.org/bindings not expired, no request
172 silly addNameRange number 2 { name: 'bindings', range: '>=1.2.1 <2.0.0', hasData: true }
173 silly addNameRange versions [ 'bindings',
173 silly addNameRange   [ '0.0.1',
173 silly addNameRange     '0.1.0',
173 silly addNameRange     '0.1.1',
173 silly addNameRange     '0.2.0',
173 silly addNameRange     '0.2.1',
173 silly addNameRange     '0.2.2',
173 silly addNameRange     '0.2.3',
173 silly addNameRange     '0.2.4',
173 silly addNameRange     '0.3.0',
173 silly addNameRange     '0.4.0',
173 silly addNameRange     '1.0.0',
173 silly addNameRange     '1.1.0',
173 silly addNameRange     '1.1.1',
173 silly addNameRange     '1.2.0',
173 silly addNameRange     '1.2.1',
173 silly addNameRange     '1.3.0' ] ]
174 silly addNamed bindings@1.3.0
175 verbose addNamed "1.3.0" is a plain semver version for bindings
176 silly cache afterAdd bindings@1.3.0
177 verbose afterAdd /home/matt/.npm/bindings/1.3.0/package/package.json not in flight; writing
178 verbose correctMkdir /home/matt/.npm correctMkdir not in flight; initializing
179 verbose afterAdd /home/matt/.npm/bindings/1.3.0/package/package.json written
180 silly loadAllDepsIntoIdealTree Finishing
181 silly loadIdealTree Finishing
182 silly currentTree shit-list@0.0.1
182 silly currentTree ├─┬ acorn-globals@1.0.9
182 silly currentTree │ └── acorn@2.7.0
182 silly currentTree ├── acorn@0.11.0
182 silly currentTree ├── ajv@4.11.8
182 silly currentTree ├── amdefine@1.0.1
182 silly currentTree ├── asn1@0.2.3
182 silly currentTree ├── assert-plus@0.2.0
182 silly currentTree ├── assertion-error@1.0.2
182 silly currentTree ├── asynckit@0.4.0
182 silly currentTree ├── aws-sign2@0.6.0
182 silly currentTree ├── aws4@1.6.0
182 silly currentTree ├── bcrypt-pbkdf@1.0.1
182 silly currentTree ├── boom@2.10.1
182 silly currentTree ├── browser-request@0.3.3
182 silly currentTree ├── callsite@1.0.0
182 silly currentTree ├── caseless@0.12.0
182 silly currentTree ├── chai-as-promised@5.3.0
182 silly currentTree ├── chai-jq@0.0.9
182 silly currentTree ├── chai@3.5.0
182 silly currentTree ├── chrome-stub@1.5.0
182 silly currentTree ├── co@4.6.0
182 silly currentTree ├── combined-stream@1.0.5
182 silly currentTree ├── core-util-is@1.0.2
182 silly currentTree ├── create-thenable@1.0.2
182 silly currentTree ├── cryptiles@2.0.5
182 silly currentTree ├── cssom@0.3.2
182 silly currentTree ├── cssstyle@0.2.37
182 silly currentTree ├─┬ dashdash@1.14.1
182 silly currentTree │ └── assert-plus@1.0.0
182 silly currentTree ├─┬ deep-eql@0.1.3
182 silly currentTree │ └── type-detect@0.1.1
182 silly currentTree ├── deep-is@0.1.3
182 silly currentTree ├── delayed-stream@1.0.0
182 silly currentTree ├─┬ dom-serializer@0.1.0
182 silly currentTree │ └── domelementtype@1.1.3
182 silly currentTree ├── domelementtype@1.3.0
182 silly currentTree ├── domhandler@2.4.1
182 silly currentTree ├── domutils@1.6.2
182 silly currentTree ├── ecc-jsbn@0.1.1
182 silly currentTree ├── entities@1.1.1
182 silly currentTree ├── escodegen@1.8.1
182 silly currentTree ├── esprima@2.7.3
182 silly currentTree ├── estraverse@1.9.3
182 silly currentTree ├── esutils@2.0.2
182 silly currentTree ├── extend@3.0.1
182 silly currentTree ├── extsprintf@1.3.0
182 silly currentTree ├── fast-levenshtein@2.0.6
182 silly currentTree ├── for-in@1.0.2
182 silly currentTree ├── for-own@0.1.5
182 silly currentTree ├── forever-agent@0.6.1
182 silly currentTree ├── form-data@2.1.4
182 silly currentTree ├── formatio@1.1.1
182 silly currentTree ├─┬ getpass@0.1.7
182 silly currentTree │ └── assert-plus@1.0.0
182 silly currentTree ├── har-schema@1.0.5
182 silly currentTree ├── har-validator@4.2.1
182 silly currentTree ├── hawk@3.1.3
182 silly currentTree ├── hoek@2.16.3
182 silly currentTree ├── htmlparser2@3.9.2
182 silly currentTree ├── http-signature@1.1.1
182 silly currentTree ├── inherits@2.0.1
182 silly currentTree ├── is-extendable@0.1.1
182 silly currentTree ├── is-typedarray@1.0.0
182 silly currentTree ├── isarray@1.0.0
182 silly currentTree ├── isstream@0.1.2
182 silly currentTree ├── jquery@3.2.1
182 silly currentTree ├── jsbn@0.1.1
182 silly currentTree ├── json-schema@0.2.3
182 silly currentTree ├── json-stable-stringify@1.0.1
182 silly currentTree ├── json-stringify-safe@5.0.1
182 silly currentTree ├── jsonify@0.0.0
182 silly currentTree ├─┬ jsprim@1.4.1
182 silly currentTree │ └── assert-plus@1.0.0
182 silly currentTree ├── levn@0.3.0
182 silly currentTree ├── lodash@2.4.2
182 silly currentTree ├── lolex@1.3.2
182 silly currentTree ├── mime-db@1.29.0
182 silly currentTree ├── mime-types@2.1.16
182 silly currentTree ├── native-promise-only@0.7.8-a
182 silly currentTree ├── nwmatcher@1.4.1
182 silly currentTree ├── oauth-sign@0.8.2
182 silly currentTree ├── object.omit@2.0.1
182 silly currentTree ├── optionator@0.8.2
182 silly currentTree ├── parse5@1.5.1
182 silly currentTree ├── performance-now@0.2.0
182 silly currentTree ├── prelude-ls@1.1.2
182 silly currentTree ├── process-nextick-args@1.0.7
182 silly currentTree ├── punycode@1.4.1
182 silly currentTree ├── qs@6.4.0
182 silly currentTree ├── querystringify@1.0.0
182 silly currentTree ├─┬ readable-stream@2.3.3
182 silly currentTree │ └── inherits@2.0.3
182 silly currentTree ├── request@2.81.0
182 silly currentTree ├── require-dir@0.1.0
182 silly currentTree ├── requires-port@1.0.0
182 silly currentTree ├── resolve@0.3.1
182 silly currentTree ├── rfile@1.0.0
182 silly currentTree ├── safe-buffer@5.1.1
182 silly currentTree ├── samsam@1.1.2
182 silly currentTree ├── sinon-as-promised@3.0.1
182 silly currentTree ├── sinon-chai@2.12.0
182 silly currentTree ├── sinon@1.17.7
182 silly currentTree ├── sntp@1.0.9
182 silly currentTree ├── source-map@0.2.0
182 silly currentTree ├─┬ sshpk@1.13.1
182 silly currentTree │ └── assert-plus@1.0.0
182 silly currentTree ├── string_decoder@1.0.3
182 silly currentTree ├── stringstream@0.0.5
182 silly currentTree ├── tough-cookie@2.3.2
182 silly currentTree ├── tunnel-agent@0.6.0
182 silly currentTree ├── tweetnacl@0.14.5
182 silly currentTree ├── type-check@0.3.2
182 silly currentTree ├── type-detect@1.0.0
182 silly currentTree ├── unique-concat@0.2.2
182 silly currentTree ├── url-parse@1.1.9
182 silly currentTree ├── util-deprecate@1.0.2
182 silly currentTree ├── util@0.10.3
182 silly currentTree ├── uuid@3.1.0
182 silly currentTree ├─┬ verror@1.10.0
182 silly currentTree │ └── assert-plus@1.0.0
182 silly currentTree ├── wordwrap@1.0.0
182 silly currentTree ├── xml-name-validator@1.0.0
182 silly currentTree └── xmlhttprequest@1.8.0
183 silly idealTree shit-list@0.0.1
183 silly idealTree ├─┬ acorn-globals@1.0.9
183 silly idealTree │ └── acorn@2.7.0
183 silly idealTree ├── acorn@0.11.0
183 silly idealTree ├── ajv@4.11.8
183 silly idealTree ├── amdefine@1.0.1
183 silly idealTree ├── asn1@0.2.3
183 silly idealTree ├── assert-plus@0.2.0
183 silly idealTree ├── assertion-error@1.0.2
183 silly idealTree ├── asynckit@0.4.0
183 silly idealTree ├── aws-sign2@0.6.0
183 silly idealTree ├── aws4@1.6.0
183 silly idealTree ├── bcrypt-pbkdf@1.0.1
183 silly idealTree ├── bindings@1.3.0
183 silly idealTree ├── boom@2.10.1
183 silly idealTree ├── browser-request@0.3.3
183 silly idealTree ├── callsite@1.0.0
183 silly idealTree ├── caseless@0.12.0
183 silly idealTree ├── chai-as-promised@5.3.0
183 silly idealTree ├── chai-jq@0.0.9
183 silly idealTree ├── chai@3.5.0
183 silly idealTree ├── chrome-stub@1.5.0
183 silly idealTree ├── co@4.6.0
183 silly idealTree ├── combined-stream@1.0.5
183 silly idealTree ├── contextify@0.1.15
183 silly idealTree ├── core-util-is@1.0.2
183 silly idealTree ├── create-thenable@1.0.2
183 silly idealTree ├── cryptiles@2.0.5
183 silly idealTree ├── cssom@0.3.2
183 silly idealTree ├── cssstyle@0.2.37
183 silly idealTree ├─┬ dashdash@1.14.1
183 silly idealTree │ └── assert-plus@1.0.0
183 silly idealTree ├─┬ deep-eql@0.1.3
183 silly idealTree │ └── type-detect@0.1.1
183 silly idealTree ├── deep-is@0.1.3
183 silly idealTree ├── delayed-stream@1.0.0
183 silly idealTree ├─┬ dom-serializer@0.1.0
183 silly idealTree │ └── domelementtype@1.1.3
183 silly idealTree ├── domelementtype@1.3.0
183 silly idealTree ├── domhandler@2.4.1
183 silly idealTree ├── domutils@1.6.2
183 silly idealTree ├── ecc-jsbn@0.1.1
183 silly idealTree ├── entities@1.1.1
183 silly idealTree ├── escodegen@1.8.1
183 silly idealTree ├── esprima@2.7.3
183 silly idealTree ├── estraverse@1.9.3
183 silly idealTree ├── esutils@2.0.2
183 silly idealTree ├── extend@3.0.1
183 silly idealTree ├── extsprintf@1.3.0
183 silly idealTree ├── fast-levenshtein@2.0.6
183 silly idealTree ├── for-in@1.0.2
183 silly idealTree ├── for-own@0.1.5
183 silly idealTree ├── forever-agent@0.6.1
183 silly idealTree ├── form-data@2.1.4
183 silly idealTree ├── formatio@1.1.1
183 silly idealTree ├─┬ getpass@0.1.7
183 silly idealTree │ └── assert-plus@1.0.0
183 silly idealTree ├── har-schema@1.0.5
183 silly idealTree ├── har-validator@4.2.1
183 silly idealTree ├── hawk@3.1.3
183 silly idealTree ├── hoek@2.16.3
183 silly idealTree ├── htmlparser2@3.9.2
183 silly idealTree ├── http-signature@1.1.1
183 silly idealTree ├── inherits@2.0.1
183 silly idealTree ├── is-extendable@0.1.1
183 silly idealTree ├── is-typedarray@1.0.0
183 silly idealTree ├── isarray@1.0.0
183 silly idealTree ├── isstream@0.1.2
183 silly idealTree ├── jquery@3.2.1
183 silly idealTree ├── jsbn@0.1.1
183 silly idealTree ├── jsdom@3.1.2
183 silly idealTree ├── json-schema@0.2.3
183 silly idealTree ├── json-stable-stringify@1.0.1
183 silly idealTree ├── json-stringify-safe@5.0.1
183 silly idealTree ├── jsonify@0.0.0
183 silly idealTree ├─┬ jsprim@1.4.1
183 silly idealTree │ └── assert-plus@1.0.0
183 silly idealTree ├── levn@0.3.0
183 silly idealTree ├── lodash@2.4.2
183 silly idealTree ├── lolex@1.3.2
183 silly idealTree ├── mime-db@1.29.0
183 silly idealTree ├── mime-types@2.1.16
183 silly idealTree ├── nan@2.6.2
183 silly idealTree ├── native-promise-only@0.7.8-a
183 silly idealTree ├── nwmatcher@1.4.1
183 silly idealTree ├── oauth-sign@0.8.2
183 silly idealTree ├── object.omit@2.0.1
183 silly idealTree ├── optionator@0.8.2
183 silly idealTree ├── parse5@1.5.1
183 silly idealTree ├── performance-now@0.2.0
183 silly idealTree ├── prelude-ls@1.1.2
183 silly idealTree ├── process-nextick-args@1.0.7
183 silly idealTree ├── punycode@1.4.1
183 silly idealTree ├── qs@6.4.0
183 silly idealTree ├── querystringify@1.0.0
183 silly idealTree ├─┬ readable-stream@2.3.3
183 silly idealTree │ └── inherits@2.0.3
183 silly idealTree ├── request@2.81.0
183 silly idealTree ├── require-dir@0.1.0
183 silly idealTree ├── requires-port@1.0.0
183 silly idealTree ├── resolve@0.3.1
183 silly idealTree ├── rfile@1.0.0
183 silly idealTree ├── safe-buffer@5.1.1
183 silly idealTree ├── samsam@1.1.2
183 silly idealTree ├── sinon-as-promised@3.0.1
183 silly idealTree ├── sinon-chai@2.12.0
183 silly idealTree ├── sinon@1.17.7
183 silly idealTree ├── sntp@1.0.9
183 silly idealTree ├── source-map@0.2.0
183 silly idealTree ├─┬ sshpk@1.13.1
183 silly idealTree │ └── assert-plus@1.0.0
183 silly idealTree ├── string_decoder@1.0.3
183 silly idealTree ├── stringstream@0.0.5
183 silly idealTree ├── tough-cookie@2.3.2
183 silly idealTree ├── tunnel-agent@0.6.0
183 silly idealTree ├── tweetnacl@0.14.5
183 silly idealTree ├── type-check@0.3.2
183 silly idealTree ├── type-detect@1.0.0
183 silly idealTree ├── unique-concat@0.2.2
183 silly idealTree ├── url-parse@1.1.9
183 silly idealTree ├── util-deprecate@1.0.2
183 silly idealTree ├── util@0.10.3
183 silly idealTree ├── uuid@3.1.0
183 silly idealTree ├─┬ verror@1.10.0
183 silly idealTree │ └── assert-plus@1.0.0
183 silly idealTree ├── wordwrap@1.0.0
183 silly idealTree ├── xml-name-validator@1.0.0
183 silly idealTree └── xmlhttprequest@1.8.0
184 silly generateActionsToTake Starting
185 silly install generateActionsToTake
186 silly generateActionsToTake Finishing
187 silly diffTrees action count 4
188 silly diffTrees add bindings@1.3.0
189 silly diffTrees add nan@2.6.2
190 silly diffTrees add contextify@0.1.15
191 silly diffTrees add jsdom@3.1.2
192 silly decomposeActions action count 32
193 silly decomposeActions fetch bindings@1.3.0
194 silly decomposeActions extract bindings@1.3.0
195 silly decomposeActions test bindings@1.3.0
196 silly decomposeActions preinstall bindings@1.3.0
197 silly decomposeActions build bindings@1.3.0
198 silly decomposeActions install bindings@1.3.0
199 silly decomposeActions postinstall bindings@1.3.0
200 silly decomposeActions finalize bindings@1.3.0
201 silly decomposeActions fetch nan@2.6.2
202 silly decomposeActions extract nan@2.6.2
203 silly decomposeActions test nan@2.6.2
204 silly decomposeActions preinstall nan@2.6.2
205 silly decomposeActions build nan@2.6.2
206 silly decomposeActions install nan@2.6.2
207 silly decomposeActions postinstall nan@2.6.2
208 silly decomposeActions finalize nan@2.6.2
209 silly decomposeActions fetch contextify@0.1.15
210 silly decomposeActions extract contextify@0.1.15
211 silly decomposeActions test contextify@0.1.15
212 silly decomposeActions preinstall contextify@0.1.15
213 silly decomposeActions build contextify@0.1.15
214 silly decomposeActions install contextify@0.1.15
215 silly decomposeActions postinstall contextify@0.1.15
216 silly decomposeActions finalize contextify@0.1.15
217 silly decomposeActions fetch jsdom@3.1.2
218 silly decomposeActions extract jsdom@3.1.2
219 silly decomposeActions test jsdom@3.1.2
220 silly decomposeActions preinstall jsdom@3.1.2
221 silly decomposeActions build jsdom@3.1.2
222 silly decomposeActions install jsdom@3.1.2
223 silly decomposeActions postinstall jsdom@3.1.2
224 silly decomposeActions finalize jsdom@3.1.2
225 silly runTopLevelLifecycles Starting
226 silly install runPreinstallTopLevelLifecycles
227 silly preinstall shit-list@0.0.1 /home/matt/private/work/shitList/shit-list-3d304b1f
228 info lifecycle shit-list@0.0.1~preinstall: shit-list@0.0.1
229 silly lifecycle shit-list@0.0.1~preinstall: no script for preinstall, continuing
230 silly executeActions Starting
231 silly install executeActions
232 silly doSerial global-install 0
233 silly doParallel fetch 4
234 verbose correctMkdir /home/matt/.npm/_locks correctMkdir not in flight; initializing
235 verbose lock using /home/matt/.npm/_locks/staging-ea3466c131a64aeb.lock for /home/matt/private/work/shitList/node_modules/.staging
236 silly doParallel extract 4
237 silly extract bindings@1.3.0
238 silly extract nan@2.6.2
239 silly extract contextify@0.1.15
240 silly extract jsdom@3.1.2
241 verbose unbuild node_modules/.staging/bindings-e389906a
242 verbose unbuild node_modules/.staging/nan-96bf3ba6
243 verbose unbuild node_modules/.staging/contextify-e707e664
244 verbose unbuild node_modules/.staging/jsdom-d7376350
245 silly gentlyRm /home/matt/private/work/shitList/node_modules/.staging/bindings-e389906a is being purged from base /home/matt/private/work/shitList
246 verbose gentlyRm don't care about contents; nuking /home/matt/private/work/shitList/node_modules/.staging/bindings-e389906a
247 silly gentlyRm /home/matt/private/work/shitList/node_modules/.staging/nan-96bf3ba6 is being purged from base /home/matt/private/work/shitList
248 verbose gentlyRm don't care about contents; nuking /home/matt/private/work/shitList/node_modules/.staging/nan-96bf3ba6
249 silly gentlyRm /home/matt/private/work/shitList/node_modules/.staging/contextify-e707e664 is being purged from base /home/matt/private/work/shitList
250 verbose gentlyRm don't care about contents; nuking /home/matt/private/work/shitList/node_modules/.staging/contextify-e707e664
251 verbose tar unpack /home/matt/.npm/bindings/1.3.0/package.tgz
252 verbose tar unpacking to /home/matt/private/work/shitList/node_modules/.staging/bindings-e389906a
253 silly gentlyRm /home/matt/private/work/shitList/node_modules/.staging/bindings-e389906a is being purged
254 verbose gentlyRm don't care about contents; nuking /home/matt/private/work/shitList/node_modules/.staging/bindings-e389906a
255 verbose tar unpack /home/matt/.npm/nan/2.6.2/package.tgz
256 verbose tar unpacking to /home/matt/private/work/shitList/node_modules/.staging/nan-96bf3ba6
257 silly gentlyRm /home/matt/private/work/shitList/node_modules/.staging/nan-96bf3ba6 is being purged
258 verbose gentlyRm don't care about contents; nuking /home/matt/private/work/shitList/node_modules/.staging/nan-96bf3ba6
259 verbose tar unpack /home/matt/.npm/contextify/0.1.15/package.tgz
260 verbose tar unpacking to /home/matt/private/work/shitList/node_modules/.staging/contextify-e707e664
261 silly gentlyRm /home/matt/private/work/shitList/node_modules/.staging/contextify-e707e664 is being purged
262 verbose gentlyRm don't care about contents; nuking /home/matt/private/work/shitList/node_modules/.staging/contextify-e707e664
263 silly gentlyRm /home/matt/private/work/shitList/node_modules/.staging/jsdom-d7376350 is being purged from base /home/matt/private/work/shitList
264 verbose gentlyRm don't care about contents; nuking /home/matt/private/work/shitList/node_modules/.staging/jsdom-d7376350
265 silly gunzTarPerm modes [ '775', '664' ]
266 silly gunzTarPerm modes [ '775', '664' ]
267 silly gunzTarPerm modes [ '775', '664' ]
268 verbose tar unpack /home/matt/.npm/jsdom/3.1.2/package.tgz
269 verbose tar unpacking to /home/matt/private/work/shitList/node_modules/.staging/jsdom-d7376350
270 silly gentlyRm /home/matt/private/work/shitList/node_modules/.staging/jsdom-d7376350 is being purged
271 verbose gentlyRm don't care about contents; nuking /home/matt/private/work/shitList/node_modules/.staging/jsdom-d7376350
272 silly gunzTarPerm modes [ '775', '664' ]
273 silly gunzTarPerm extractEntry package.json
274 silly gunzTarPerm modified mode [ 'package.json', 420, 436 ]
275 silly gunzTarPerm extractEntry package.json
276 silly gunzTarPerm extractEntry package.json
277 silly gunzTarPerm modified mode [ 'package.json', 420, 436 ]
278 silly gunzTarPerm extractEntry package.json
279 silly gunzTarPerm modified mode [ 'package.json', 438, 436 ]
280 silly gunzTarPerm extractEntry README.md
281 silly gunzTarPerm modified mode [ 'README.md', 420, 436 ]
282 silly gunzTarPerm extractEntry bindings.js
283 silly gunzTarPerm modified mode [ 'bindings.js', 420, 436 ]
284 silly gunzTarPerm extractEntry README.md
285 silly gunzTarPerm extractEntry include_dirs.js
286 silly gunzTarPerm extractEntry .npmignore
287 silly gunzTarPerm modified mode [ '.npmignore', 420, 436 ]
288 silly gunzTarPerm extractEntry README.md
289 silly gunzTarPerm modified mode [ 'README.md', 420, 436 ]
290 silly gunzTarPerm extractEntry README.md
291 silly gunzTarPerm modified mode [ 'README.md', 438, 436 ]
292 silly gunzTarPerm extractEntry lib/README.md
293 silly gunzTarPerm modified mode [ 'lib/README.md', 438, 436 ]
294 silly gunzTarPerm extractEntry nan_converters_43_inl.h
295 silly gunzTarPerm extractEntry LICENSE.md
296 silly gunzTarPerm extractEntry doc/new.md
297 silly gunzTarPerm extractEntry lib/jsdom.js
298 silly gunzTarPerm modified mode [ 'lib/jsdom.js', 438, 436 ]
299 silly gunzTarPerm extractEntry lib/jsdom/contextify-shim.js
300 silly gunzTarPerm modified mode [ 'lib/jsdom/contextify-shim.js', 438, 436 ]
301 silly gunzTarPerm extractEntry lib/jsdom/utils.js
302 silly gunzTarPerm modified mode [ 'lib/jsdom/utils.js', 438, 436 ]
303 silly gunzTarPerm extractEntry .travis.yml
304 silly gunzTarPerm modified mode [ '.travis.yml', 420, 436 ]
305 silly gunzTarPerm extractEntry LICENSE.txt
306 silly gunzTarPerm modified mode [ 'LICENSE.txt', 420, 436 ]
307 silly gunzTarPerm extractEntry lib/jsdom/virtual-console.js
308 silly gunzTarPerm modified mode [ 'lib/jsdom/virtual-console.js', 438, 436 ]
309 silly gunzTarPerm extractEntry doc/asyncworker.md
310 silly gunzTarPerm extractEntry .dntrc
311 silly gunzTarPerm modified mode [ '.dntrc', 420, 436 ]
312 silly gunzTarPerm extractEntry binding.gyp
313 silly gunzTarPerm modified mode [ 'binding.gyp', 420, 436 ]
314 silly gunzTarPerm extractEntry doc/callback.md
315 silly gunzTarPerm extractEntry doc/converters.md
316 silly gunzTarPerm extractEntry lib/jsdom/browser/Window.js
317 silly gunzTarPerm modified mode [ 'lib/jsdom/browser/Window.js', 438, 436 ]
318 silly gunzTarPerm extractEntry lib/jsdom/browser/documentAdapter.js
319 silly gunzTarPerm modified mode [ 'lib/jsdom/browser/documentAdapter.js', 438, 436 ]
320 silly gunzTarPerm extractEntry changelog
321 silly gunzTarPerm modified mode [ 'changelog', 420, 436 ]
322 silly gunzTarPerm extractEntry lib/contextify.js
323 silly gunzTarPerm modified mode [ 'lib/contextify.js', 420, 436 ]
324 silly gunzTarPerm extractEntry test/contextify.js
325 silly gunzTarPerm modified mode [ 'test/contextify.js', 420, 436 ]
326 silly gunzTarPerm extractEntry src/contextify.cc
327 silly gunzTarPerm modified mode [ 'src/contextify.cc', 420, 436 ]
328 silly gunzTarPerm extractEntry wscript
329 silly gunzTarPerm modified mode [ 'wscript', 420, 436 ]
330 silly gunzTarPerm extractEntry doc/errors.md
331 silly gunzTarPerm extractEntry doc/json.md
332 silly gunzTarPerm extractEntry lib/jsdom/browser/documentfeatures.js
333 silly gunzTarPerm modified mode [ 'lib/jsdom/browser/documentfeatures.js', 438, 436 ]
334 silly gunzTarPerm extractEntry lib/jsdom/browser/domtohtml.js
335 silly gunzTarPerm modified mode [ 'lib/jsdom/browser/domtohtml.js', 438, 436 ]
336 silly gunzTarPerm extractEntry doc/maybe_types.md
337 silly gunzTarPerm extractEntry doc/methods.md
338 silly gentlyRm /home/matt/private/work/shitList/node_modules/.staging/bindings-e389906a/node_modules is being purged
339 verbose gentlyRm don't care about contents; nuking /home/matt/private/work/shitList/node_modules/.staging/bindings-e389906a/node_modules
340 silly gunzTarPerm extractEntry lib/jsdom/browser/history.js
341 silly gunzTarPerm modified mode [ 'lib/jsdom/browser/history.js', 438, 436 ]
342 silly gunzTarPerm extractEntry lib/jsdom/browser/htmltodom.js
343 silly gunzTarPerm modified mode [ 'lib/jsdom/browser/htmltodom.js', 438, 436 ]
344 silly gunzTarPerm extractEntry doc/buffers.md
345 silly gunzTarPerm extractEntry doc/node_misc.md
346 silly gunzTarPerm extractEntry lib/jsdom/browser/index.js
347 silly gunzTarPerm modified mode [ 'lib/jsdom/browser/index.js', 438, 436 ]
348 silly gunzTarPerm extractEntry lib/jsdom/browser/location.js
349 silly gunzTarPerm modified mode [ 'lib/jsdom/browser/location.js', 438, 436 ]
350 silly gunzTarPerm extractEntry doc/object_wrappers.md
351 silly gunzTarPerm extractEntry doc/persistent.md
352 silly gunzTarPerm extractEntry lib/jsdom/browser/utils.js
353 silly gunzTarPerm modified mode [ 'lib/jsdom/browser/utils.js', 438, 436 ]
354 silly gunzTarPerm extractEntry lib/jsdom/level1/core.js
355 silly gunzTarPerm modified mode [ 'lib/jsdom/level1/core.js', 438, 436 ]
356 silly gunzTarPerm extractEntry doc/scopes.md
357 silly gunzTarPerm extractEntry doc/script.md
358 silly gunzTarPerm extractEntry lib/jsdom/level2/core.js
359 silly gunzTarPerm modified mode [ 'lib/jsdom/level2/core.js', 438, 436 ]
360 silly gunzTarPerm extractEntry doc/string_bytes.md
361 silly gunzTarPerm extractEntry doc/v8_internals.md
362 silly gunzTarPerm extractEntry lib/jsdom/level2/events.js
363 silly gunzTarPerm modified mode [ 'lib/jsdom/level2/events.js', 438, 436 ]
364 silly gunzTarPerm extractEntry lib/jsdom/level2/html.js
365 silly gunzTarPerm modified mode [ 'lib/jsdom/level2/html.js', 438, 436 ]
366 silly gunzTarPerm extractEntry doc/v8_misc.md
367 silly gunzTarPerm extractEntry lib/jsdom/level2/style.js
368 silly gunzTarPerm modified mode [ 'lib/jsdom/level2/style.js', 438, 436 ]
369 silly gunzTarPerm extractEntry lib/jsdom/level2/languages/javascript.js
370 silly gunzTarPerm modified mode [ 'lib/jsdom/level2/languages/javascript.js', 438, 436 ]
371 silly gunzTarPerm extractEntry nan.h
372 silly gunzTarPerm extractEntry nan_callbacks.h
373 silly gunzTarPerm extractEntry nan_callbacks_12_inl.h
374 silly gunzTarPerm extractEntry nan_callbacks_pre_12_inl.h
375 silly gunzTarPerm extractEntry nan_converters.h
376 silly gunzTarPerm extractEntry lib/jsdom/level3/core.js
377 silly gunzTarPerm modified mode [ 'lib/jsdom/level3/core.js', 438, 436 ]
378 silly gunzTarPerm extractEntry lib/jsdom/level3/ls.js
379 silly gunzTarPerm modified mode [ 'lib/jsdom/level3/ls.js', 438, 436 ]
380 silly gunzTarPerm extractEntry nan_converters_pre_43_inl.h
381 silly gunzTarPerm extractEntry lib/jsdom/level3/xpath.js
382 silly gunzTarPerm modified mode [ 'lib/jsdom/level3/xpath.js', 438, 436 ]
383 silly gunzTarPerm extractEntry lib/jsdom/living/character-data.js
384 silly gunzTarPerm modified mode [ 'lib/jsdom/living/character-data.js', 438, 436 ]
385 silly gunzTarPerm extractEntry lib/jsdom/living/document-type.js
386 silly gunzTarPerm modified mode [ 'lib/jsdom/living/document-type.js', 438, 436 ]
387 silly gunzTarPerm extractEntry lib/jsdom/living/document.js
388 silly gunzTarPerm modified mode [ 'lib/jsdom/living/document.js', 438, 436 ]
389 silly gunzTarPerm extractEntry lib/jsdom/living/dom-implementation.js
390 silly gunzTarPerm modified mode [ 'lib/jsdom/living/dom-implementation.js', 438, 436 ]
391 silly gunzTarPerm extractEntry lib/jsdom/living/selectors.js
392 silly gunzTarPerm modified mode [ 'lib/jsdom/living/selectors.js', 438, 436 ]
393 silly gunzTarPerm extractEntry lib/jsdom/living/comment.js
394 silly gunzTarPerm modified mode [ 'lib/jsdom/living/comment.js', 438, 436 ]
395 silly gunzTarPerm extractEntry lib/jsdom/living/node-filter.js
396 silly gunzTarPerm modified mode [ 'lib/jsdom/living/node-filter.js', 438, 436 ]
397 silly gunzTarPerm extractEntry lib/jsdom/living/node.js
398 silly gunzTarPerm modified mode [ 'lib/jsdom/living/node.js', 438, 436 ]
399 silly gunzTarPerm extractEntry lib/jsdom/living/processing-instruction.js
400 silly gunzTarPerm modified mode [ 'lib/jsdom/living/processing-instruction.js', 438, 436 ]
401 silly gunzTarPerm extractEntry lib/jsdom/living/text.js
402 silly gunzTarPerm modified mode [ 'lib/jsdom/living/text.js', 438, 436 ]
403 silly gunzTarPerm extractEntry lib/jsdom/living/index.js
404 silly gunzTarPerm modified mode [ 'lib/jsdom/living/index.js', 438, 436 ]
405 silly gunzTarPerm extractEntry lib/jsdom/living/helpers/validate-names.js
406 silly gunzTarPerm modified mode [ 'lib/jsdom/living/helpers/validate-names.js', 438, 436 ]
407 silly gunzTarPerm extractEntry nan_implementation_12_inl.h
408 silly gunzTarPerm extractEntry nan_implementation_pre_12_inl.h
409 silly gunzTarPerm extractEntry nan_json.h
410 silly gunzTarPerm extractEntry nan_maybe_43_inl.h
411 silly gunzTarPerm extractEntry nan_maybe_pre_43_inl.h
412 silly gunzTarPerm extractEntry nan_new.h
413 silly gentlyRm /home/matt/private/work/shitList/node_modules/.staging/contextify-e707e664/node_modules is being purged
414 verbose gentlyRm don't care about contents; nuking /home/matt/private/work/shitList/node_modules/.staging/contextify-e707e664/node_modules
415 silly gunzTarPerm extractEntry nan_object_wrap.h
416 silly gunzTarPerm extractEntry nan_persistent_12_inl.h
417 silly gunzTarPerm extractEntry nan_persistent_pre_12_inl.h
418 silly gunzTarPerm extractEntry nan_private.h
419 silly gunzTarPerm extractEntry nan_string_bytes.h
420 silly gunzTarPerm extractEntry nan_typedarray_contents.h
421 silly gunzTarPerm extractEntry nan_weak.h
422 silly gunzTarPerm extractEntry CHANGELOG.md
423 silly gunzTarPerm extractEntry tools/package.json
424 silly gunzTarPerm extractEntry tools/README.md
425 silly gunzTarPerm extractEntry tools/1to2.js
426 silly gentlyRm /home/matt/private/work/shitList/node_modules/.staging/jsdom-d7376350/node_modules is being purged
427 verbose gentlyRm don't care about contents; nuking /home/matt/private/work/shitList/node_modules/.staging/jsdom-d7376350/node_modules
428 silly gentlyRm /home/matt/private/work/shitList/node_modules/.staging/nan-96bf3ba6/node_modules is being purged
429 verbose gentlyRm don't care about contents; nuking /home/matt/private/work/shitList/node_modules/.staging/nan-96bf3ba6/node_modules
430 silly doParallel preinstall 4
431 silly preinstall bindings@1.3.0 /home/matt/private/work/shitList/node_modules/.staging/bindings-e389906a
432 info lifecycle bindings@1.3.0~preinstall: bindings@1.3.0
433 silly preinstall nan@2.6.2 /home/matt/private/work/shitList/node_modules/.staging/nan-96bf3ba6
434 info lifecycle nan@2.6.2~preinstall: nan@2.6.2
435 silly preinstall contextify@0.1.15 /home/matt/private/work/shitList/node_modules/.staging/contextify-e707e664
436 info lifecycle contextify@0.1.15~preinstall: contextify@0.1.15
437 silly preinstall jsdom@3.1.2 /home/matt/private/work/shitList/node_modules/.staging/jsdom-d7376350
438 info lifecycle jsdom@3.1.2~preinstall: jsdom@3.1.2
439 silly lifecycle bindings@1.3.0~preinstall: no script for preinstall, continuing
440 silly lifecycle nan@2.6.2~preinstall: no script for preinstall, continuing
441 silly lifecycle contextify@0.1.15~preinstall: no script for preinstall, continuing
442 silly lifecycle jsdom@3.1.2~preinstall: no script for preinstall, continuing
443 silly doReverseSerial remove 0
444 silly doSerial move 0
445 silly doSerial finalize 4
446 silly finalize /home/matt/private/work/shitList/node_modules/bindings
447 silly finalize /home/matt/private/work/shitList/node_modules/nan
448 silly finalize /home/matt/private/work/shitList/node_modules/contextify
449 silly finalize /home/matt/private/work/shitList/node_modules/jsdom
450 silly doSerial build 4
451 silly build bindings@1.3.0
452 info linkStuff bindings@1.3.0
453 silly linkStuff bindings@1.3.0 has /home/matt/private/work/shitList/node_modules as its parent node_modules
454 verbose linkBins bindings@1.3.0
455 verbose linkMans bindings@1.3.0
456 silly build nan@2.6.2
457 info linkStuff nan@2.6.2
458 silly linkStuff nan@2.6.2 has /home/matt/private/work/shitList/node_modules as its parent node_modules
459 verbose linkBins nan@2.6.2
460 verbose linkMans nan@2.6.2
461 silly build contextify@0.1.15
462 info linkStuff contextify@0.1.15
463 silly linkStuff contextify@0.1.15 has /home/matt/private/work/shitList/node_modules as its parent node_modules
464 verbose linkBins contextify@0.1.15
465 verbose linkMans contextify@0.1.15
466 silly build jsdom@3.1.2
467 info linkStuff jsdom@3.1.2
468 silly linkStuff jsdom@3.1.2 has /home/matt/private/work/shitList/node_modules as its parent node_modules
469 verbose linkBins jsdom@3.1.2
470 verbose linkMans jsdom@3.1.2
471 silly doSerial global-link 0
472 silly doParallel update-linked 0
473 silly doSerial install 4
474 silly install bindings@1.3.0 /home/matt/private/work/shitList/node_modules/.staging/bindings-e389906a
475 info lifecycle bindings@1.3.0~install: bindings@1.3.0
476 silly lifecycle bindings@1.3.0~install: no script for install, continuing
477 silly install nan@2.6.2 /home/matt/private/work/shitList/node_modules/.staging/nan-96bf3ba6
478 info lifecycle nan@2.6.2~install: nan@2.6.2
479 silly lifecycle nan@2.6.2~install: no script for install, continuing
480 silly install contextify@0.1.15 /home/matt/private/work/shitList/node_modules/.staging/contextify-e707e664
481 info lifecycle contextify@0.1.15~install: contextify@0.1.15
482 verbose lifecycle contextify@0.1.15~install: unsafe-perm in lifecycle true
483 verbose lifecycle contextify@0.1.15~install: PATH: /home/matt/.nvm/versions/node/v7.3.0/lib/node_modules/npm/bin/node-gyp-bin:/home/matt/private/work/shitList/node_modules/contextify/node_modules/.bin:/home/matt/private/work/shitList/node_modules/.bin:/home/matt/bin:/home/matt/.nvm/versions/node/v7.3.0/bin:/home/matt/bin:/usr/local/sbin:/usr/local/bin:/usr/sbin:/usr/bin:/sbin:/bin:/usr/games:/usr/local/games:/snap/bin:/snap/bin
484 verbose lifecycle contextify@0.1.15~install: CWD: /home/matt/private/work/shitList/node_modules/contextify
485 silly lifecycle contextify@0.1.15~install: Args: [ '-c', 'node-gyp rebuild' ]
486 silly lifecycle contextify@0.1.15~install: Returned: code: 1  signal: null
487 info lifecycle contextify@0.1.15~install: Failed to exec install script
488 verbose unlock done using /home/matt/.npm/_locks/staging-ea3466c131a64aeb.lock for /home/matt/private/work/shitList/node_modules/.staging
489 silly rollbackFailedOptional Starting
490 silly rollbackFailedOptional Finishing
491 silly runTopLevelLifecycles Finishing
492 silly install printInstalled
493 warn shit-list@0.0.1 No repository field.
494 verbose If you need help, you may report this error at:
494 verbose     <https://github.com/npm/npm/issues>
495 verbose stack Error: contextify@0.1.15 install: `node-gyp rebuild`
495 verbose stack Exit status 1
495 verbose stack     at EventEmitter.<anonymous> (/home/matt/.nvm/versions/node/v7.3.0/lib/node_modules/npm/lib/utils/lifecycle.js:255:16)
495 verbose stack     at emitTwo (events.js:106:13)
495 verbose stack     at EventEmitter.emit (events.js:191:7)
495 verbose stack     at ChildProcess.<anonymous> (/home/matt/.nvm/versions/node/v7.3.0/lib/node_modules/npm/lib/utils/spawn.js:40:14)
495 verbose stack     at emitTwo (events.js:106:13)
495 verbose stack     at ChildProcess.emit (events.js:191:7)
495 verbose stack     at maybeClose (internal/child_process.js:885:16)
495 verbose stack     at Process.ChildProcess._handle.onexit (internal/child_process.js:226:5)
496 verbose pkgid contextify@0.1.15
497 verbose cwd /home/matt/private/work/shitList
498 error Linux 4.11.0-14-lowlatency
499 error argv "/home/matt/.nvm/versions/node/v7.3.0/bin/node" "/home/matt/.nvm/versions/node/v7.3.0/bin/npm" "install"
500 error node v7.3.0
501 error npm  v3.10.10
502 error code ELIFECYCLE
503 error contextify@0.1.15 install: `node-gyp rebuild`
503 error Exit status 1
504 error Failed at the contextify@0.1.15 install script 'node-gyp rebuild'.
504 error Make sure you have the latest version of node.js and npm installed.
504 error If you do, this is most likely a problem with the contextify package,
504 error not with npm itself.
504 error Tell the author that this fails on your system:
504 error     node-gyp rebuild
504 error You can get information on how to open an issue for this project with:
504 error     npm bugs contextify
504 error Or if that isn't available, you can get their info via:
504 error     npm owner ls contextify
504 error There is likely additional logging output above.
505 verbose exit [ 1, true ]
